Using pre-set license
Built from '2022.3/release' branch; Version is '2022.3.0f1 (fb119bb0b476) revision 16454043'; Using compiler version '192829333'; Build Type 'Release'
OS: 'Windows 11  (10.0.22631) 64bit Core' Language: 'en' Physical Memory: 32406 MB
BatchMode: 1, IsHumanControllingUs: 0, StartBugReporterOnCrash: 0, Is64bit: 1, IsPro: 1

COMMAND LINE ARGUMENTS:
C:\Program Files\Unity\Hub\Editor\2022.3.0f1\Editor\Unity.exe
-adb2
-batchMode
-noUpm
-name
AssetImportWorker6
-projectPath
C:/Users/ov333/OneDrive/Documents/Unityprojects/version_2022.3.0f1/Lab3vectororbit
-logFile
Logs/AssetImportWorker6.log
-srvPort
64971
Successfully changed project path to: C:/Users/ov333/OneDrive/Documents/Unityprojects/version_2022.3.0f1/Lab3vectororbit
C:/Users/ov333/OneDrive/Documents/Unityprojects/version_2022.3.0f1/Lab3vectororbit
[UnityMemory] Configuration Parameters - Can be set up in boot.config
    "memorysetup-bucket-allocator-granularity=16"
    "memorysetup-bucket-allocator-bucket-count=8"
    "memorysetup-bucket-allocator-block-size=33554432"
    "memorysetup-bucket-allocator-block-count=8"
    "memorysetup-main-allocator-block-size=16777216"
    "memorysetup-thread-allocator-block-size=16777216"
    "memorysetup-gfx-main-allocator-block-size=16777216"
    "memorysetup-gfx-thread-allocator-block-size=16777216"
    "memorysetup-cache-allocator-block-size=4194304"
    "memorysetup-typetree-allocator-block-size=2097152"
    "memorysetup-profiler-bucket-allocator-granularity=16"
    "memorysetup-profiler-bucket-allocator-bucket-count=8"
    "memorysetup-profiler-bucket-allocator-block-size=33554432"
    "memorysetup-profiler-bucket-allocator-block-count=8"
    "memorysetup-profiler-allocator-block-size=16777216"
    "memorysetup-profiler-editor-allocator-block-size=1048576"
    "memorysetup-temp-allocator-size-main=16777216"
    "memorysetup-job-temp-allocator-block-size=2097152"
    "memorysetup-job-temp-allocator-block-size-background=1048576"
    "memorysetup-job-temp-allocator-reduction-small-platforms=262144"
    "memorysetup-allocator-temp-initial-block-size-main=262144"
    "memorysetup-allocator-temp-initial-block-size-worker=262144"
    "memorysetup-temp-allocator-size-background-worker=32768"
    "memorysetup-temp-allocator-size-job-worker=262144"
    "memorysetup-temp-allocator-size-preload-manager=33554432"
    "memorysetup-temp-allocator-size-nav-mesh-worker=65536"
    "memorysetup-temp-allocator-size-audio-worker=65536"
    "memorysetup-temp-allocator-size-cloud-worker=32768"
    "memorysetup-temp-allocator-size-gi-baking-worker=262144"
    "memorysetup-temp-allocator-size-gfx=262144"
Player connection [27948] Host "[IP] 10.40.125.115 [Port] 0 [Flags] 2 [Guid] 3986482806 [EditorId] 3986482806 [Version] 1048832 [Id] WindowsEditor(7,ovi) [Debug] 1 [PackageName] WindowsEditor [ProjectName] Editor" joined multi-casting on [225.0.0.222:54997]...

Player connection [27948] Host "[IP] 10.40.125.115 [Port] 0 [Flags] 2 [Guid] 3986482806 [EditorId] 3986482806 [Version] 1048832 [Id] WindowsEditor(7,ovi) [Debug] 1 [PackageName] WindowsEditor [ProjectName] Editor" joined alternative multi-casting on [225.0.0.222:34997]...

Refreshing native plugins compatible for Editor in 2.94 ms, found 3 plugins.
Preloading 0 native plugins for Editor in 0.00 ms.
Initialize engine version: 2022.3.0f1 (fb119bb0b476)
[Subsystems] Discovering subsystems at path C:/Program Files/Unity/Hub/Editor/2022.3.0f1/Editor/Data/Resources/UnitySubsystems
[Subsystems] Discovering subsystems at path C:/Users/ov333/OneDrive/Documents/Unityprojects/version_2022.3.0f1/Lab3vectororbit/Assets
GfxDevice: creating device client; threaded=0; jobified=0
Direct3D:
    Version:  Direct3D 11.0 [level 11.1]
    Renderer: NVIDIA GeForce RTX 4080 Laptop GPU (ID=0x27e0)
    Vendor:   NVIDIA
    VRAM:     11997 MB
    Driver:   32.0.15.6094
Initialize mono
Mono path[0] = 'C:/Program Files/Unity/Hub/Editor/2022.3.0f1/Editor/Data/Managed'
Mono path[1] = 'C:/Program Files/Unity/Hub/Editor/2022.3.0f1/Editor/Data/MonoBleedingEdge/lib/mono/unityjit-win32'
Mono config path = 'C:/Program Files/Unity/Hub/Editor/2022.3.0f1/Editor/Data/MonoBleedingEdge/etc'
Using monoOptions --debugger-agent=transport=dt_socket,embedding=1,server=y,suspend=n,address=127.0.0.1:56748
Begin MonoManager ReloadAssembly
Registering precompiled unity dll's ...
Register platform support module: C:/Program Files/Unity/Hub/Editor/2022.3.0f1/Editor/Data/PlaybackEngines/WindowsStandaloneSupport/UnityEditor.WindowsStandalone.Extensions.dll
Registered in 0.003302 seconds.
- Loaded All Assemblies, in  0.223 seconds
Native extension for WindowsStandalone target not found
Mono: successfully reloaded assembly
- Finished resetting the current domain, in  0.173 seconds
Domain Reload Profiling: 396ms
	BeginReloadAssembly (59ms)
		ExecutionOrderSort (0ms)
		DisableScriptedObjects (0ms)
		BackupInstance (0ms)
		ReleaseScriptingObjects (0ms)
		CreateAndSetChildDomain (1ms)
	RebuildCommonClasses (25ms)
	RebuildNativeTypeToScriptingClass (6ms)
	initialDomainReloadingComplete (39ms)
	LoadAllAssembliesAndSetupDomain (92ms)
		LoadAssemblies (57ms)
		RebuildTransferFunctionScriptingTraits (0ms)
		AnalyzeDomain (89ms)
			TypeCache.Refresh (89ms)
				TypeCache.ScanAssembly (81ms)
			ScanForSourceGeneratedMonoScriptInfo (0ms)
			ResolveRequiredComponents (0ms)
	FinalizeReload (173ms)
		ReleaseScriptCaches (0ms)
		RebuildScriptCaches (0ms)
		SetupLoadedEditorAssemblies (130ms)
			LogAssemblyErrors (0ms)
			InitializePlatformSupportModulesInManaged (5ms)
			SetLoadedEditorAssemblies (5ms)
			RefreshPlugins (0ms)
			BeforeProcessingInitializeOnLoad (2ms)
			ProcessInitializeOnLoadAttributes (90ms)
			ProcessInitializeOnLoadMethodAttributes (28ms)
			AfterProcessingInitializeOnLoad (0ms)
			EditorAssembliesLoaded (0ms)
		ExecutionOrderSort2 (0ms)
		AwakeInstancesAfterBackupRestoration (0ms)
========================================================================
Worker process is ready to serve import requests
Begin MonoManager ReloadAssembly
Symbol file LoadedFromMemory doesn't match image C:\Users\ov333\OneDrive\Documents\Unityprojects\version_2022.3.0f1\Lab3vectororbit\Library\PackageCache\com.unity.visualscripting@1.8.0\Editor\VisualScripting.Core\Dependencies\YamlDotNet\Unity.VisualScripting.YamlDotNet.dll
Symbol file LoadedFromMemory doesn't match image C:\Users\ov333\OneDrive\Documents\Unityprojects\version_2022.3.0f1\Lab3vectororbit\Library\PackageCache\com.unity.visualscripting@1.8.0\Editor\VisualScripting.Core\Dependencies\DotNetZip\Unity.VisualScripting.IonicZip.dll
- Loaded All Assemblies, in  0.462 seconds
Refreshing native plugins compatible for Editor in 1.18 ms, found 3 plugins.
Native extension for WindowsStandalone target not found
Mono: successfully reloaded assembly
- Finished resetting the current domain, in  0.385 seconds
Domain Reload Profiling: 846ms
	BeginReloadAssembly (76ms)
		ExecutionOrderSort (0ms)
		DisableScriptedObjects (3ms)
		BackupInstance (0ms)
		ReleaseScriptingObjects (0ms)
		CreateAndSetChildDomain (16ms)
	RebuildCommonClasses (21ms)
	RebuildNativeTypeToScriptingClass (6ms)
	initialDomainReloadingComplete (29ms)
	LoadAllAssembliesAndSetupDomain (328ms)
		LoadAssemblies (177ms)
		RebuildTransferFunctionScriptingTraits (0ms)
		AnalyzeDomain (185ms)
			TypeCache.Refresh (171ms)
				TypeCache.ScanAssembly (164ms)
			ScanForSourceGeneratedMonoScriptInfo (11ms)
			ResolveRequiredComponents (2ms)
	FinalizeReload (386ms)
		ReleaseScriptCaches (0ms)
		RebuildScriptCaches (0ms)
		SetupLoadedEditorAssemblies (291ms)
			LogAssemblyErrors (0ms)
			InitializePlatformSupportModulesInManaged (3ms)
			SetLoadedEditorAssemblies (4ms)
			RefreshPlugins (0ms)
			BeforeProcessingInitializeOnLoad (41ms)
			ProcessInitializeOnLoadAttributes (226ms)
			ProcessInitializeOnLoadMethodAttributes (13ms)
			AfterProcessingInitializeOnLoad (3ms)
			EditorAssembliesLoaded (0ms)
		ExecutionOrderSort2 (0ms)
		AwakeInstancesAfterBackupRestoration (5ms)
Launched and connected shader compiler UnityShaderCompiler.exe after 0.06 seconds
Refreshing native plugins compatible for Editor in 2.90 ms, found 3 plugins.
Preloading 0 native plugins for Editor in 0.00 ms.
Unloading 3089 Unused Serialized files (Serialized files now loaded: 0)
Unloading 31 unused Assets / (56.2 KB). Loaded Objects now: 3553.
Memory consumption went from 117.4 MB to 117.4 MB.
Total: 3.487400 ms (FindLiveObjects: 0.201000 ms CreateObjectMapping: 0.087200 ms MarkObjects: 3.062700 ms  DeleteObjects: 0.135200 ms)

AssetImportParameters requested are different than current active one (requested -> active):
  custom:container-demuxer-ogg: 62fdf1f143b41e24485cea50d1cbac27 -> 
  custom:video-codec-MediaFoundation-h265: 746d11721c4dcdbdad8f713fa42b33f4 -> 
  custom:video-decoder-ogg-theora: a1e56fd34408186e4bbccfd4996cb3dc -> 
  custom:framework-win-MediaFoundation: 216162199b28c13a410421893ffa2e32 -> 
  custom:container-demuxer-webm: 4f35f7cbe854078d1ac9338744f61a02 -> 
  custom:container-muxer-webm: aa71ff27fc2769a1b78a27578f13a17b -> 
  custom:video-decoder-webm-vp8: 9c59270c3fd7afecdb556c50c9e8de78 -> 
  custom:AudioImporter_EditorPlatform: d09bf68614088b80899f8185d706f6e7 -> 
  custom:video-encoder-webm-vp8: eb34c28f22e8b96e1ab97ce403110664 -> 
  custom:audio-decoder-ogg-vorbis: bf7c407c2cedff20999df2af8eb42d56 -> 
  custom:audio-encoder-webm-vorbis: bf7c407c2cedff20999df2af8eb42d56 -> 
========================================================================
Received Import Request.
  Time since last request: 58113.484074 seconds.
  path: Assets/PixelArtStudio/SkeletonsPack/CommonSoldier/Animations/Boost/RightBot/Boost.anim
  artifactKey: Guid(a8d9bc131c4d86147a4ae3cd57e1170b) Importer(2089858483,0ecaa5967403d082aa24f35e1b516d23)
Start importing Assets/PixelArtStudio/SkeletonsPack/CommonSoldier/Animations/Boost/RightBot/Boost.anim using Guid(a8d9bc131c4d86147a4ae3cd57e1170b) Importer(2089858483,0ecaa5967403d082aa24f35e1b516d23) Generated GUIDs only implemented for interfaces!
 -> (artifact id: '70192c6e358acf86c7815656b00ce491') in 0.067379 seconds
Number of updated asset objects reloaded before import = 0
Number of asset objects unloaded after import = 1
========================================================================
Received Import Request.
  Time since last request: 0.000015 seconds.
  path: Assets/PixelArtStudio/SkeletonsPack/CommonSoldier/Animations/GetHit/LeftTop/GetHit.anim
  artifactKey: Guid(1177eb5a3cf93fd4f857455bea4b0844) Importer(2089858483,0ecaa5967403d082aa24f35e1b516d23)
Start importing Assets/PixelArtStudio/SkeletonsPack/CommonSoldier/Animations/GetHit/LeftTop/GetHit.anim using Guid(1177eb5a3cf93fd4f857455bea4b0844) Importer(2089858483,0ecaa5967403d082aa24f35e1b516d23) Generated GUIDs only implemented for interfaces!
 -> (artifact id: '204b84c17b568c6c5df0d9da14e3dd41') in 0.006263 seconds
Number of updated asset objects reloaded before import = 0
Number of asset objects unloaded after import = 1
========================================================================
Received Import Request.
  Time since last request: 0.000043 seconds.
  path: Assets/DemoPlayer.cs
  artifactKey: Guid(9dd71e8000b94a14184cd9dfea04211e) Importer(2089858483,0ecaa5967403d082aa24f35e1b516d23)
Start importing Assets/DemoPlayer.cs using Guid(9dd71e8000b94a14184cd9dfea04211e) Importer(2089858483,0ecaa5967403d082aa24f35e1b516d23) Generated GUIDs only implemented for interfaces!
 -> (artifact id: 'a979b9fed9a5b1080bf066169ad46427') in 0.003444 seconds
Number of updated asset objects reloaded before import = 0
Number of asset objects unloaded after import = 1
========================================================================
Received Import Request.
  Time since last request: 0.000024 seconds.
  path: Assets/PixelArtStudio/SkeletonsPack/CommonSoldier/Animations/Boost/LeftBot/Boost.anim
  artifactKey: Guid(d4d0391aee928a741bc09d77ad965573) Importer(2089858483,0ecaa5967403d082aa24f35e1b516d23)
Start importing Assets/PixelArtStudio/SkeletonsPack/CommonSoldier/Animations/Boost/LeftBot/Boost.anim using Guid(d4d0391aee928a741bc09d77ad965573) Importer(2089858483,0ecaa5967403d082aa24f35e1b516d23) Generated GUIDs only implemented for interfaces!
 -> (artifact id: '8629ed2c7317c20946ecd3a791f061e2') in 0.005196 seconds
Number of updated asset objects reloaded before import = 0
Number of asset objects unloaded after import = 1
========================================================================
Received Import Request.
  Time since last request: 0.000013 seconds.
  path: Assets/PixelArtStudio/SkeletonsPack/CommonSoldier/Animations/Boost/RightTop/Boost.anim
  artifactKey: Guid(688d91febdc9a2d438fd23ef370bff99) Importer(2089858483,0ecaa5967403d082aa24f35e1b516d23)
Start importing Assets/PixelArtStudio/SkeletonsPack/CommonSoldier/Animations/Boost/RightTop/Boost.anim using Guid(688d91febdc9a2d438fd23ef370bff99) Importer(2089858483,0ecaa5967403d082aa24f35e1b516d23) Generated GUIDs only implemented for interfaces!
 -> (artifact id: 'f5a12885d9b7473e8722ff4779f874cd') in 0.003552 seconds
Number of updated asset objects reloaded before import = 0
Number of asset objects unloaded after import = 1
========================================================================
Received Import Request.
  Time since last request: 0.000072 seconds.
  path: Assets/PixelArtStudio/SkeletonsPack/CommonSoldier/Animations/Attack/LeftTop/Attack.anim
  artifactKey: Guid(ae6a72eb08f867c458a789198f96152c) Importer(2089858483,0ecaa5967403d082aa24f35e1b516d23)
Start importing Assets/PixelArtStudio/SkeletonsPack/CommonSoldier/Animations/Attack/LeftTop/Attack.anim using Guid(ae6a72eb08f867c458a789198f96152c) Importer(2089858483,0ecaa5967403d082aa24f35e1b516d23) Generated GUIDs only implemented for interfaces!
 -> (artifact id: '25faad25c64b666c47e4b5598ec75a04') in 0.003481 seconds
Number of updated asset objects reloaded before import = 0
Number of asset objects unloaded after import = 1
========================================================================
Received Import Request.
  Time since last request: 0.000017 seconds.
  path: Assets/PixelArtStudio/SkeletonsPack/CommonSoldier/Animations/Block/LeftBot/Block.anim
  artifactKey: Guid(247526a09425da8448809c8c65e4eab2) Importer(2089858483,0ecaa5967403d082aa24f35e1b516d23)
Start importing Assets/PixelArtStudio/SkeletonsPack/CommonSoldier/Animations/Block/LeftBot/Block.anim using Guid(247526a09425da8448809c8c65e4eab2) Importer(2089858483,0ecaa5967403d082aa24f35e1b516d23) Generated GUIDs only implemented for interfaces!
 -> (artifact id: '6da168515beb0d11c75fb237b9073b05') in 0.004174 seconds
Number of updated asset objects reloaded before import = 0
Number of asset objects unloaded after import = 1
========================================================================
Received Import Request.
  Time since last request: 0.000164 seconds.
  path: Assets/PixelArtStudio/SkeletonsPack/CommonSoldier/Textures/Attack/LeftTop/Attack.png
  artifactKey: Guid(23423adccb7812d4e821a5490232de6e) Importer(2089858483,0ecaa5967403d082aa24f35e1b516d23)
Start importing Assets/PixelArtStudio/SkeletonsPack/CommonSoldier/Textures/Attack/LeftTop/Attack.png using Guid(23423adccb7812d4e821a5490232de6e) Importer(2089858483,0ecaa5967403d082aa24f35e1b516d23) Generated GUIDs only implemented for interfaces!
 -> (artifact id: 'c88eb691e01dc3f55ed27efead7011da') in 0.062377 seconds
Number of updated asset objects reloaded before import = 0
Number of asset objects unloaded after import = 9
========================================================================
Received Import Request.
  Time since last request: 0.000017 seconds.
  path: Assets/PixelArtStudio/SkeletonsPack/CommonSoldier/Animations/Block/RightBot/Block.anim
  artifactKey: Guid(50b7a251deeaf1549bac6a23580a65ca) Importer(2089858483,0ecaa5967403d082aa24f35e1b516d23)
Start importing Assets/PixelArtStudio/SkeletonsPack/CommonSoldier/Animations/Block/RightBot/Block.anim using Guid(50b7a251deeaf1549bac6a23580a65ca) Importer(2089858483,0ecaa5967403d082aa24f35e1b516d23) Generated GUIDs only implemented for interfaces!
 -> (artifact id: '9accaf11adb458a40c658ccf43e3f57b') in 0.004540 seconds
Number of updated asset objects reloaded before import = 0
Number of asset objects unloaded after import = 1
========================================================================
Received Import Request.
  Time since last request: 0.000014 seconds.
  path: Assets/Fire-Skull-Files/PNG/fire-skull.png
  artifactKey: Guid(02e5213104202e944a7917ed744bfdfc) Importer(2089858483,0ecaa5967403d082aa24f35e1b516d23)
Start importing Assets/Fire-Skull-Files/PNG/fire-skull.png using Guid(02e5213104202e944a7917ed744bfdfc) Importer(2089858483,0ecaa5967403d082aa24f35e1b516d23) Generated GUIDs only implemented for interfaces!
 -> (artifact id: '4d7bb0b33b496f1fa08369d26fdada76') in 0.022199 seconds
Number of updated asset objects reloaded before import = 0
Number of asset objects unloaded after import = 10
========================================================================
Received Import Request.
  Time since last request: 0.216853 seconds.
  path: Assets/PixelArtStudio/SkeletonsPack/CommonSoldier/Textures/Block/Bot/Block_normal.png
  artifactKey: Guid(36926ca87825c75408f0d8cb4ce220e3) Importer(2089858483,0ecaa5967403d082aa24f35e1b516d23)
Start importing Assets/PixelArtStudio/SkeletonsPack/CommonSoldier/Textures/Block/Bot/Block_normal.png using Guid(36926ca87825c75408f0d8cb4ce220e3) Importer(2089858483,0ecaa5967403d082aa24f35e1b516d23) Generated GUIDs only implemented for interfaces!
 -> (artifact id: '19e6373c8768f04cba48b05b7958abc2') in 0.009254 seconds
Number of updated asset objects reloaded before import = 0
Number of asset objects unloaded after import = 1
========================================================================
Received Import Request.
  Time since last request: 0.000036 seconds.
  path: Assets/PixelArtStudio/SkeletonsPack/CommonSoldier/Textures/Death/Left/Death.png
  artifactKey: Guid(576f7d22d9ab9504995914aaa9fa3ca7) Importer(2089858483,0ecaa5967403d082aa24f35e1b516d23)
Start importing Assets/PixelArtStudio/SkeletonsPack/CommonSoldier/Textures/Death/Left/Death.png using Guid(576f7d22d9ab9504995914aaa9fa3ca7) Importer(2089858483,0ecaa5967403d082aa24f35e1b516d23) Generated GUIDs only implemented for interfaces!
 -> (artifact id: 'aaac2fb2b7f0f5542d740566229a4a5c') in 0.026979 seconds
Number of updated asset objects reloaded before import = 0
Number of asset objects unloaded after import = 10
========================================================================
Received Import Request.
  Time since last request: 0.000090 seconds.
  path: Assets/PixelArtStudio/SkeletonsPack/CommonSoldier/Textures/Death/Bot/Death_normal.png
  artifactKey: Guid(673b3a904d00ec345a0e33bc027f1b0e) Importer(2089858483,0ecaa5967403d082aa24f35e1b516d23)
Start importing Assets/PixelArtStudio/SkeletonsPack/CommonSoldier/Textures/Death/Bot/Death_normal.png using Guid(673b3a904d00ec345a0e33bc027f1b0e) Importer(2089858483,0ecaa5967403d082aa24f35e1b516d23) Generated GUIDs only implemented for interfaces!
 -> (artifact id: 'ad41d2f4619bca2db84e2eb4e9f7a5f9') in 0.010025 seconds
Number of updated asset objects reloaded before import = 0
Number of asset objects unloaded after import = 1
========================================================================
Received Import Request.
  Time since last request: 0.000049 seconds.
  path: Assets/PixelArtStudio/SkeletonsPack/CommonSoldier/Textures/Run/RightBot/Run.png
  artifactKey: Guid(89a7f5f1f85b5c84f9d3137b733fa97f) Importer(2089858483,0ecaa5967403d082aa24f35e1b516d23)
Start importing Assets/PixelArtStudio/SkeletonsPack/CommonSoldier/Textures/Run/RightBot/Run.png using Guid(89a7f5f1f85b5c84f9d3137b733fa97f) Importer(2089858483,0ecaa5967403d082aa24f35e1b516d23) Generated GUIDs only implemented for interfaces!
 -> (artifact id: 'e19401dad213c470f38d7d877b610d79') in 0.024888 seconds
Number of updated asset objects reloaded before import = 0
Number of asset objects unloaded after import = 10
========================================================================
Received Import Request.
  Time since last request: 0.000011 seconds.
  path: Assets/PixelArtStudio/SkeletonsPack/CommonSoldier/Textures/Run/LeftTop/Run.png
  artifactKey: Guid(f53fa8d8cb784b94e94b75682c95074e) Importer(2089858483,0ecaa5967403d082aa24f35e1b516d23)
Start importing Assets/PixelArtStudio/SkeletonsPack/CommonSoldier/Textures/Run/LeftTop/Run.png using Guid(f53fa8d8cb784b94e94b75682c95074e) Importer(2089858483,0ecaa5967403d082aa24f35e1b516d23) Generated GUIDs only implemented for interfaces!
 -> (artifact id: 'a68193d45c988f6dfc4ee43274f2edf4') in 0.020848 seconds
Number of updated asset objects reloaded before import = 0
Number of asset objects unloaded after import = 10
========================================================================
Received Import Request.
  Time since last request: 0.000013 seconds.
  path: Assets/PixelArtStudio/SkeletonsPack/CommonSoldier/Textures/Block/RightBot/Block_normal.png
  artifactKey: Guid(f73e206398404a44a8dbf42157602a25) Importer(2089858483,0ecaa5967403d082aa24f35e1b516d23)
Start importing Assets/PixelArtStudio/SkeletonsPack/CommonSoldier/Textures/Block/RightBot/Block_normal.png using Guid(f73e206398404a44a8dbf42157602a25) Importer(2089858483,0ecaa5967403d082aa24f35e1b516d23) Generated GUIDs only implemented for interfaces!
 -> (artifact id: '41b8aaa3d20ee0a597d096aad6a9c4a5') in 0.011434 seconds
Number of updated asset objects reloaded before import = 0
Number of asset objects unloaded after import = 1
========================================================================
Received Import Request.
  Time since last request: 0.000054 seconds.
  path: Assets/PixelArtStudio/SkeletonsPack/CommonSoldier/Textures/Idle/LeftBot/Idle_normal.png
  artifactKey: Guid(1c7d4d268742582448fe3ca5f157389f) Importer(2089858483,0ecaa5967403d082aa24f35e1b516d23)
Start importing Assets/PixelArtStudio/SkeletonsPack/CommonSoldier/Textures/Idle/LeftBot/Idle_normal.png using Guid(1c7d4d268742582448fe3ca5f157389f) Importer(2089858483,0ecaa5967403d082aa24f35e1b516d23) Generated GUIDs only implemented for interfaces!
 -> (artifact id: 'a8b5b970ab58d991ef248619d12be945') in 0.009131 seconds
Number of updated asset objects reloaded before import = 0
Number of asset objects unloaded after import = 1
========================================================================
Received Import Request.
  Time since last request: 0.000015 seconds.
  path: Assets/PixelArtStudio/SkeletonsPack/CommonSoldier/Textures/Stunned/Bot/Stunned.png
  artifactKey: Guid(045777f00853d2e4bbf24a09e0ad2258) Importer(2089858483,0ecaa5967403d082aa24f35e1b516d23)
Start importing Assets/PixelArtStudio/SkeletonsPack/CommonSoldier/Textures/Stunned/Bot/Stunned.png using Guid(045777f00853d2e4bbf24a09e0ad2258) Importer(2089858483,0ecaa5967403d082aa24f35e1b516d23) Generated GUIDs only implemented for interfaces!
 -> (artifact id: '1e852b678989c9b9b4e39251eba6b9c8') in 0.023185 seconds
Number of updated asset objects reloaded before import = 0
Number of asset objects unloaded after import = 12
========================================================================
Received Import Request.
  Time since last request: 0.000016 seconds.
  path: Assets/PixelArtStudio/SkeletonsPack/CommonSoldier/Textures/Boost/Left/Boost_normal.png
  artifactKey: Guid(94e6485452b8cc34b90ac8478e65dcd4) Importer(2089858483,0ecaa5967403d082aa24f35e1b516d23)
Start importing Assets/PixelArtStudio/SkeletonsPack/CommonSoldier/Textures/Boost/Left/Boost_normal.png using Guid(94e6485452b8cc34b90ac8478e65dcd4) Importer(2089858483,0ecaa5967403d082aa24f35e1b516d23) Generated GUIDs only implemented for interfaces!
 -> (artifact id: '8536e4ee03a28ba28f456f39b0815136') in 0.009198 seconds
Number of updated asset objects reloaded before import = 0
Number of asset objects unloaded after import = 1
========================================================================
Received Import Request.
  Time since last request: 0.000062 seconds.
  path: Assets/PixelArtStudio/SkeletonsPack/CommonSoldier/Textures/GetHit/RightBot/GetHit.png
  artifactKey: Guid(5b0e1fea0402a6c4eb317d37638dbecb) Importer(2089858483,0ecaa5967403d082aa24f35e1b516d23)
Start importing Assets/PixelArtStudio/SkeletonsPack/CommonSoldier/Textures/GetHit/RightBot/GetHit.png using Guid(5b0e1fea0402a6c4eb317d37638dbecb) Importer(2089858483,0ecaa5967403d082aa24f35e1b516d23) Generated GUIDs only implemented for interfaces!
 -> (artifact id: '7b75d9aac0ef6f9581f93eb86c713684') in 0.017256 seconds
Number of updated asset objects reloaded before import = 0
Number of asset objects unloaded after import = 6
========================================================================
Received Import Request.
  Time since last request: 0.000013 seconds.
  path: Assets/PixelArtStudio/SkeletonsPack/CommonSoldier/Textures/Run/Left/Run.png
  artifactKey: Guid(eafe120ec778e9f46b079ae34b77af07) Importer(2089858483,0ecaa5967403d082aa24f35e1b516d23)
Start importing Assets/PixelArtStudio/SkeletonsPack/CommonSoldier/Textures/Run/Left/Run.png using Guid(eafe120ec778e9f46b079ae34b77af07) Importer(2089858483,0ecaa5967403d082aa24f35e1b516d23) Generated GUIDs only implemented for interfaces!
 -> (artifact id: '074db0c8d9d27c179556c0ce6ebf5088') in 0.016992 seconds
Number of updated asset objects reloaded before import = 0
Number of asset objects unloaded after import = 10
========================================================================
Received Import Request.
  Time since last request: 0.000012 seconds.
  path: Assets/PixelArtStudio/SkeletonsPack/CommonSoldier/Textures/Death/RightBot/Death_normal.png
  artifactKey: Guid(54b3f712564b2b64ebd3dbe4195e3095) Importer(2089858483,0ecaa5967403d082aa24f35e1b516d23)
Start importing Assets/PixelArtStudio/SkeletonsPack/CommonSoldier/Textures/Death/RightBot/Death_normal.png using Guid(54b3f712564b2b64ebd3dbe4195e3095) Importer(2089858483,0ecaa5967403d082aa24f35e1b516d23) Generated GUIDs only implemented for interfaces!
 -> (artifact id: '01a6972a1bc57a110eaf9ba8f4d6bdcc') in 0.009451 seconds
Number of updated asset objects reloaded before import = 0
Number of asset objects unloaded after import = 1
========================================================================
Received Import Request.
  Time since last request: 0.000012 seconds.
  path: Assets/PixelArtStudio/SkeletonsPack/CommonSoldier/Textures/Idle/LeftTop/Idle_normal.png
  artifactKey: Guid(25f88d86e36bfb64bb766ef36c7e4209) Importer(2089858483,0ecaa5967403d082aa24f35e1b516d23)
Start importing Assets/PixelArtStudio/SkeletonsPack/CommonSoldier/Textures/Idle/LeftTop/Idle_normal.png using Guid(25f88d86e36bfb64bb766ef36c7e4209) Importer(2089858483,0ecaa5967403d082aa24f35e1b516d23) Generated GUIDs only implemented for interfaces!
 -> (artifact id: '48710b0c09b0ebe62250b66a8155ddd9') in 0.008864 seconds
Number of updated asset objects reloaded before import = 0
Number of asset objects unloaded after import = 1
========================================================================
Received Import Request.
  Time since last request: 0.000015 seconds.
  path: Assets/PixelArtStudio/SkeletonsPack/CommonSoldier/Textures/Boost/Top/Boost.png
  artifactKey: Guid(2f33c3013e2a2e54c874ef6acf3ae831) Importer(2089858483,0ecaa5967403d082aa24f35e1b516d23)
Start importing Assets/PixelArtStudio/SkeletonsPack/CommonSoldier/Textures/Boost/Top/Boost.png using Guid(2f33c3013e2a2e54c874ef6acf3ae831) Importer(2089858483,0ecaa5967403d082aa24f35e1b516d23) Generated GUIDs only implemented for interfaces!
 -> (artifact id: '15490780615bcf5b381045dd0ecb381b') in 0.017479 seconds
Number of updated asset objects reloaded before import = 0
Number of asset objects unloaded after import = 11
========================================================================
Received Import Request.
  Time since last request: 0.291670 seconds.
  path: Assets/PixelArtStudio/SkeletonsPack/CommonSoldier/Textures/Stunned/LeftBot/Stunned_normal.png
  artifactKey: Guid(a053412897da4224fad21bfab5852a14) Importer(2089858483,0ecaa5967403d082aa24f35e1b516d23)
Start importing Assets/PixelArtStudio/SkeletonsPack/CommonSoldier/Textures/Stunned/LeftBot/Stunned_normal.png using Guid(a053412897da4224fad21bfab5852a14) Importer(2089858483,0ecaa5967403d082aa24f35e1b516d23) Generated GUIDs only implemented for interfaces!
 -> (artifact id: 'db53935063677e2bfa98147c4e86c87a') in 0.010453 seconds
Number of updated asset objects reloaded before import = 0
Number of asset objects unloaded after import = 1
========================================================================
Received Import Request.
  Time since last request: 0.000210 seconds.
  path: Assets/PixelArtStudio/SkeletonsPack/CommonSoldier/Textures/Walk/Top/Walk_normal.png
  artifactKey: Guid(9e872d15f769ed5429424fe1a9cfaf6e) Importer(2089858483,0ecaa5967403d082aa24f35e1b516d23)
Start importing Assets/PixelArtStudio/SkeletonsPack/CommonSoldier/Textures/Walk/Top/Walk_normal.png using Guid(9e872d15f769ed5429424fe1a9cfaf6e) Importer(2089858483,0ecaa5967403d082aa24f35e1b516d23) Generated GUIDs only implemented for interfaces!
 -> (artifact id: 'baa3bde3179f5472bcd0705e39b19634') in 0.008752 seconds
Number of updated asset objects reloaded before import = 0
Number of asset objects unloaded after import = 1
========================================================================
Received Import Request.
  Time since last request: 0.000162 seconds.
  path: Assets/PixelArtStudio/SkeletonsPack/CommonSoldier/Textures/Walk/RightBot/Walk.png
  artifactKey: Guid(8ae802805e40f3941a5fd7b6011d3912) Importer(2089858483,0ecaa5967403d082aa24f35e1b516d23)
Start importing Assets/PixelArtStudio/SkeletonsPack/CommonSoldier/Textures/Walk/RightBot/Walk.png using Guid(8ae802805e40f3941a5fd7b6011d3912) Importer(2089858483,0ecaa5967403d082aa24f35e1b516d23) Generated GUIDs only implemented for interfaces!
 -> (artifact id: 'e094c11189cba4eb5151407d170239bc') in 0.024024 seconds
Number of updated asset objects reloaded before import = 0
Number of asset objects unloaded after import = 10
========================================================================
Received Import Request.
  Time since last request: 0.000010 seconds.
  path: Assets/PixelArtStudio/SkeletonsPack/CommonSoldier/Textures/Stunned/RightBot/Stunned.png
  artifactKey: Guid(89ddfb8f94f4e5d4f9822f3ac1c1d64f) Importer(2089858483,0ecaa5967403d082aa24f35e1b516d23)
Start importing Assets/PixelArtStudio/SkeletonsPack/CommonSoldier/Textures/Stunned/RightBot/Stunned.png using Guid(89ddfb8f94f4e5d4f9822f3ac1c1d64f) Importer(2089858483,0ecaa5967403d082aa24f35e1b516d23) Generated GUIDs only implemented for interfaces!
 -> (artifact id: '97ac39959560c1d87d4d1b9e6c3631ee') in 0.017389 seconds
Number of updated asset objects reloaded before import = 0
Number of asset objects unloaded after import = 12
========================================================================
Received Prepare
Refreshing native plugins compatible for Editor in 2.33 ms, found 3 plugins.
Preloading 0 native plugins for Editor in 0.00 ms.
Unloading 0 Unused Serialized files (Serialized files now loaded: 0)
Unloading 1 unused Assets / (0.8 KB). Loaded Objects now: 3553.
Memory consumption went from 68.4 MB to 68.4 MB.
Total: 3.999700 ms (FindLiveObjects: 0.320400 ms CreateObjectMapping: 0.203400 ms MarkObjects: 3.447000 ms  DeleteObjects: 0.028000 ms)

Prepare: number of updated asset objects reloaded= 0
AssetImportParameters requested are different than current active one (requested -> active):
  custom:container-demuxer-ogg: 62fdf1f143b41e24485cea50d1cbac27 -> 
  custom:video-codec-MediaFoundation-h265: 746d11721c4dcdbdad8f713fa42b33f4 -> 
  custom:video-decoder-ogg-theora: a1e56fd34408186e4bbccfd4996cb3dc -> 
  custom:framework-win-MediaFoundation: 216162199b28c13a410421893ffa2e32 -> 
  custom:container-demuxer-webm: 4f35f7cbe854078d1ac9338744f61a02 -> 
  custom:container-muxer-webm: aa71ff27fc2769a1b78a27578f13a17b -> 
  custom:video-decoder-webm-vp8: 9c59270c3fd7afecdb556c50c9e8de78 -> 
  custom:SearchIndexIgnoredProperties: e643bd26f0fe6173181afceb89e7c659 -> 
  custom:AudioImporter_EditorPlatform: d09bf68614088b80899f8185d706f6e7 -> 
  custom:video-encoder-webm-vp8: eb34c28f22e8b96e1ab97ce403110664 -> 
  custom:audio-decoder-ogg-vorbis: bf7c407c2cedff20999df2af8eb42d56 -> 
  custom:audio-encoder-webm-vorbis: bf7c407c2cedff20999df2af8eb42d56 -> 
========================================================================
Received Prepare
Begin MonoManager ReloadAssembly
Symbol file LoadedFromMemory doesn't match image C:\Users\ov333\OneDrive\Documents\Unityprojects\version_2022.3.0f1\Lab3vectororbit\Library\PackageCache\com.unity.visualscripting@1.8.0\Editor\VisualScripting.Core\Dependencies\YamlDotNet\Unity.VisualScripting.YamlDotNet.dll
Symbol file LoadedFromMemory doesn't match image C:\Users\ov333\OneDrive\Documents\Unityprojects\version_2022.3.0f1\Lab3vectororbit\Library\PackageCache\com.unity.visualscripting@1.8.0\Editor\VisualScripting.Core\Dependencies\DotNetZip\Unity.VisualScripting.IonicZip.dll
- Loaded All Assemblies, in  0.482 seconds
Refreshing native plugins compatible for Editor in 2.31 ms, found 3 plugins.
Native extension for WindowsStandalone target not found
Mono: successfully reloaded assembly
- Finished resetting the current domain, in  0.553 seconds
Domain Reload Profiling: 1033ms
	BeginReloadAssembly (94ms)
		ExecutionOrderSort (0ms)
		DisableScriptedObjects (2ms)
		BackupInstance (0ms)
		ReleaseScriptingObjects (0ms)
		CreateAndSetChildDomain (27ms)
	RebuildCommonClasses (31ms)
	RebuildNativeTypeToScriptingClass (11ms)
	initialDomainReloadingComplete (19ms)
	LoadAllAssembliesAndSetupDomain (325ms)
		LoadAssemblies (195ms)
		RebuildTransferFunctionScriptingTraits (0ms)
		AnalyzeDomain (169ms)
			TypeCache.Refresh (161ms)
				TypeCache.ScanAssembly (155ms)
			ScanForSourceGeneratedMonoScriptInfo (1ms)
			ResolveRequiredComponents (7ms)
	FinalizeReload (553ms)
		ReleaseScriptCaches (0ms)
		RebuildScriptCaches (0ms)
		SetupLoadedEditorAssemblies (300ms)
			LogAssemblyErrors (0ms)
			InitializePlatformSupportModulesInManaged (3ms)
			SetLoadedEditorAssemblies (3ms)
			RefreshPlugins (0ms)
			BeforeProcessingInitializeOnLoad (36ms)
			ProcessInitializeOnLoadAttributes (233ms)
			ProcessInitializeOnLoadMethodAttributes (21ms)
			AfterProcessingInitializeOnLoad (3ms)
			EditorAssembliesLoaded (0ms)
		ExecutionOrderSort2 (0ms)
		AwakeInstancesAfterBackupRestoration (4ms)
Refreshing native plugins compatible for Editor in 2.00 ms, found 3 plugins.
Preloading 0 native plugins for Editor in 0.00 ms.
Unloading 3082 Unused Serialized files (Serialized files now loaded: 0)
Unloading 22 unused Assets / (30.5 KB). Loaded Objects now: 3556.
Memory consumption went from 116.5 MB to 116.5 MB.
Total: 2.254300 ms (FindLiveObjects: 0.134100 ms CreateObjectMapping: 0.041700 ms MarkObjects: 2.033500 ms  DeleteObjects: 0.044300 ms)

Prepare: number of updated asset objects reloaded= 0
AssetImportParameters requested are different than current active one (requested -> active):
  custom:container-demuxer-ogg: 62fdf1f143b41e24485cea50d1cbac27 -> 
  custom:video-codec-MediaFoundation-h265: 746d11721c4dcdbdad8f713fa42b33f4 -> 
  custom:video-decoder-ogg-theora: a1e56fd34408186e4bbccfd4996cb3dc -> 
  custom:framework-win-MediaFoundation: 216162199b28c13a410421893ffa2e32 -> 
  custom:container-demuxer-webm: 4f35f7cbe854078d1ac9338744f61a02 -> 
  custom:container-muxer-webm: aa71ff27fc2769a1b78a27578f13a17b -> 
  custom:video-decoder-webm-vp8: 9c59270c3fd7afecdb556c50c9e8de78 -> 
  custom:SearchIndexIgnoredProperties: e643bd26f0fe6173181afceb89e7c659 -> 
  custom:AudioImporter_EditorPlatform: d09bf68614088b80899f8185d706f6e7 -> 
  custom:video-encoder-webm-vp8: eb34c28f22e8b96e1ab97ce403110664 -> 
  custom:audio-decoder-ogg-vorbis: bf7c407c2cedff20999df2af8eb42d56 -> 
  custom:audio-encoder-webm-vorbis: bf7c407c2cedff20999df2af8eb42d56 -> 
========================================================================
Received Prepare
Begin MonoManager ReloadAssembly
Symbol file LoadedFromMemory doesn't match image C:\Users\ov333\OneDrive\Documents\Unityprojects\version_2022.3.0f1\Lab3vectororbit\Library\PackageCache\com.unity.visualscripting@1.8.0\Editor\VisualScripting.Core\Dependencies\YamlDotNet\Unity.VisualScripting.YamlDotNet.dll
Symbol file LoadedFromMemory doesn't match image C:\Users\ov333\OneDrive\Documents\Unityprojects\version_2022.3.0f1\Lab3vectororbit\Library\PackageCache\com.unity.visualscripting@1.8.0\Editor\VisualScripting.Core\Dependencies\DotNetZip\Unity.VisualScripting.IonicZip.dll
- Loaded All Assemblies, in  0.605 seconds
Refreshing native plugins compatible for Editor in 2.11 ms, found 3 plugins.
Native extension for WindowsStandalone target not found
Mono: successfully reloaded assembly
- Finished resetting the current domain, in  0.854 seconds
Domain Reload Profiling: 1459ms
	BeginReloadAssembly (104ms)
		ExecutionOrderSort (0ms)
		DisableScriptedObjects (5ms)
		BackupInstance (0ms)
		ReleaseScriptingObjects (0ms)
		CreateAndSetChildDomain (23ms)
	RebuildCommonClasses (22ms)
	RebuildNativeTypeToScriptingClass (7ms)
	initialDomainReloadingComplete (19ms)
	LoadAllAssembliesAndSetupDomain (453ms)
		LoadAssemblies (204ms)
		RebuildTransferFunctionScriptingTraits (0ms)
		AnalyzeDomain (287ms)
			TypeCache.Refresh (282ms)
				TypeCache.ScanAssembly (271ms)
			ScanForSourceGeneratedMonoScriptInfo (0ms)
			ResolveRequiredComponents (4ms)
	FinalizeReload (854ms)
		ReleaseScriptCaches (0ms)
		RebuildScriptCaches (0ms)
		SetupLoadedEditorAssemblies (471ms)
			LogAssemblyErrors (0ms)
			InitializePlatformSupportModulesInManaged (8ms)
			SetLoadedEditorAssemblies (6ms)
			RefreshPlugins (0ms)
			BeforeProcessingInitializeOnLoad (67ms)
			ProcessInitializeOnLoadAttributes (360ms)
			ProcessInitializeOnLoadMethodAttributes (24ms)
			AfterProcessingInitializeOnLoad (6ms)
			EditorAssembliesLoaded (0ms)
		ExecutionOrderSort2 (0ms)
		AwakeInstancesAfterBackupRestoration (6ms)
Refreshing native plugins compatible for Editor in 3.84 ms, found 3 plugins.
Preloading 0 native plugins for Editor in 0.00 ms.
Unloading 3082 Unused Serialized files (Serialized files now loaded: 0)
Unloading 22 unused Assets / (30.7 KB). Loaded Objects now: 3559.
Memory consumption went from 116.5 MB to 116.5 MB.
Total: 3.696000 ms (FindLiveObjects: 0.302900 ms CreateObjectMapping: 0.092100 ms MarkObjects: 3.239600 ms  DeleteObjects: 0.060300 ms)

Prepare: number of updated asset objects reloaded= 0
AssetImportParameters requested are different than current active one (requested -> active):
  custom:container-demuxer-ogg: 62fdf1f143b41e24485cea50d1cbac27 -> 
  custom:video-codec-MediaFoundation-h265: 746d11721c4dcdbdad8f713fa42b33f4 -> 
  custom:video-decoder-ogg-theora: a1e56fd34408186e4bbccfd4996cb3dc -> 
  custom:framework-win-MediaFoundation: 216162199b28c13a410421893ffa2e32 -> 
  custom:container-demuxer-webm: 4f35f7cbe854078d1ac9338744f61a02 -> 
  custom:container-muxer-webm: aa71ff27fc2769a1b78a27578f13a17b -> 
  custom:video-decoder-webm-vp8: 9c59270c3fd7afecdb556c50c9e8de78 -> 
  custom:SearchIndexIgnoredProperties: e643bd26f0fe6173181afceb89e7c659 -> 
  custom:AudioImporter_EditorPlatform: d09bf68614088b80899f8185d706f6e7 -> 
  custom:video-encoder-webm-vp8: eb34c28f22e8b96e1ab97ce403110664 -> 
  custom:audio-decoder-ogg-vorbis: bf7c407c2cedff20999df2af8eb42d56 -> 
  custom:audio-encoder-webm-vorbis: bf7c407c2cedff20999df2af8eb42d56 -> 
Editor requested this worker to shutdown with reason: Scaling down because of idle timeout
TcpMessagingSession - receive error: operation aborted. errorcode: 995, details: The I/O operation has been aborted because of either a thread exit or an application request.
AssetImportWorker is now disconnected from the server
Process exiting
Exiting without the bug reporter. Application will terminate with return code 0