Using pre-set license
Built from '2022.3/release' branch; Version is '2022.3.0f1 (fb119bb0b476) revision 16454043'; Using compiler version '192829333'; Build Type 'Release'
OS: 'Windows 11  (10.0.22631) 64bit Core' Language: 'en' Physical Memory: 32406 MB
BatchMode: 1, IsHumanControllingUs: 0, StartBugReporterOnCrash: 0, Is64bit: 1, IsPro: 1

COMMAND LINE ARGUMENTS:
C:\Program Files\Unity\Hub\Editor\2022.3.0f1\Editor\Unity.exe
-adb2
-batchMode
-noUpm
-name
AssetImportWorker5
-projectPath
C:/Users/ov333/OneDrive/Documents/Unityprojects/version_2022.3.0f1/Lab3vectororbit
-logFile
Logs/AssetImportWorker5.log
-srvPort
64971
Successfully changed project path to: C:/Users/ov333/OneDrive/Documents/Unityprojects/version_2022.3.0f1/Lab3vectororbit
C:/Users/ov333/OneDrive/Documents/Unityprojects/version_2022.3.0f1/Lab3vectororbit
[UnityMemory] Configuration Parameters - Can be set up in boot.config
    "memorysetup-bucket-allocator-granularity=16"
    "memorysetup-bucket-allocator-bucket-count=8"
    "memorysetup-bucket-allocator-block-size=33554432"
    "memorysetup-bucket-allocator-block-count=8"
    "memorysetup-main-allocator-block-size=16777216"
    "memorysetup-thread-allocator-block-size=16777216"
    "memorysetup-gfx-main-allocator-block-size=16777216"
    "memorysetup-gfx-thread-allocator-block-size=16777216"
    "memorysetup-cache-allocator-block-size=4194304"
    "memorysetup-typetree-allocator-block-size=2097152"
    "memorysetup-profiler-bucket-allocator-granularity=16"
    "memorysetup-profiler-bucket-allocator-bucket-count=8"
    "memorysetup-profiler-bucket-allocator-block-size=33554432"
    "memorysetup-profiler-bucket-allocator-block-count=8"
    "memorysetup-profiler-allocator-block-size=16777216"
    "memorysetup-profiler-editor-allocator-block-size=1048576"
    "memorysetup-temp-allocator-size-main=16777216"
    "memorysetup-job-temp-allocator-block-size=2097152"
    "memorysetup-job-temp-allocator-block-size-background=1048576"
    "memorysetup-job-temp-allocator-reduction-small-platforms=262144"
    "memorysetup-allocator-temp-initial-block-size-main=262144"
    "memorysetup-allocator-temp-initial-block-size-worker=262144"
    "memorysetup-temp-allocator-size-background-worker=32768"
    "memorysetup-temp-allocator-size-job-worker=262144"
    "memorysetup-temp-allocator-size-preload-manager=33554432"
    "memorysetup-temp-allocator-size-nav-mesh-worker=65536"
    "memorysetup-temp-allocator-size-audio-worker=65536"
    "memorysetup-temp-allocator-size-cloud-worker=32768"
    "memorysetup-temp-allocator-size-gi-baking-worker=262144"
    "memorysetup-temp-allocator-size-gfx=262144"
Player connection [36068] Host "[IP] 10.40.125.115 [Port] 0 [Flags] 2 [Guid] 3677295798 [EditorId] 3677295798 [Version] 1048832 [Id] WindowsEditor(7,ovi) [Debug] 1 [PackageName] WindowsEditor [ProjectName] Editor" joined multi-casting on [225.0.0.222:54997]...

Player connection [36068] Host "[IP] 10.40.125.115 [Port] 0 [Flags] 2 [Guid] 3677295798 [EditorId] 3677295798 [Version] 1048832 [Id] WindowsEditor(7,ovi) [Debug] 1 [PackageName] WindowsEditor [ProjectName] Editor" joined alternative multi-casting on [225.0.0.222:34997]...

Refreshing native plugins compatible for Editor in 3.27 ms, found 3 plugins.
Preloading 0 native plugins for Editor in 0.00 ms.
Initialize engine version: 2022.3.0f1 (fb119bb0b476)
[Subsystems] Discovering subsystems at path C:/Program Files/Unity/Hub/Editor/2022.3.0f1/Editor/Data/Resources/UnitySubsystems
[Subsystems] Discovering subsystems at path C:/Users/ov333/OneDrive/Documents/Unityprojects/version_2022.3.0f1/Lab3vectororbit/Assets
GfxDevice: creating device client; threaded=0; jobified=0
Direct3D:
    Version:  Direct3D 11.0 [level 11.1]
    Renderer: NVIDIA GeForce RTX 4080 Laptop GPU (ID=0x27e0)
    Vendor:   NVIDIA
    VRAM:     11997 MB
    Driver:   32.0.15.6094
Initialize mono
Mono path[0] = 'C:/Program Files/Unity/Hub/Editor/2022.3.0f1/Editor/Data/Managed'
Mono path[1] = 'C:/Program Files/Unity/Hub/Editor/2022.3.0f1/Editor/Data/MonoBleedingEdge/lib/mono/unityjit-win32'
Mono config path = 'C:/Program Files/Unity/Hub/Editor/2022.3.0f1/Editor/Data/MonoBleedingEdge/etc'
Using monoOptions --debugger-agent=transport=dt_socket,embedding=1,server=y,suspend=n,address=127.0.0.1:56156
Begin MonoManager ReloadAssembly
Registering precompiled unity dll's ...
Register platform support module: C:/Program Files/Unity/Hub/Editor/2022.3.0f1/Editor/Data/PlaybackEngines/WindowsStandaloneSupport/UnityEditor.WindowsStandalone.Extensions.dll
Registered in 0.003459 seconds.
- Loaded All Assemblies, in  0.229 seconds
Native extension for WindowsStandalone target not found
Mono: successfully reloaded assembly
- Finished resetting the current domain, in  0.171 seconds
Domain Reload Profiling: 399ms
	BeginReloadAssembly (60ms)
		ExecutionOrderSort (0ms)
		DisableScriptedObjects (0ms)
		BackupInstance (0ms)
		ReleaseScriptingObjects (0ms)
		CreateAndSetChildDomain (1ms)
	RebuildCommonClasses (26ms)
	RebuildNativeTypeToScriptingClass (11ms)
	initialDomainReloadingComplete (36ms)
	LoadAllAssembliesAndSetupDomain (95ms)
		LoadAssemblies (58ms)
		RebuildTransferFunctionScriptingTraits (0ms)
		AnalyzeDomain (91ms)
			TypeCache.Refresh (90ms)
				TypeCache.ScanAssembly (82ms)
			ScanForSourceGeneratedMonoScriptInfo (0ms)
			ResolveRequiredComponents (0ms)
	FinalizeReload (171ms)
		ReleaseScriptCaches (0ms)
		RebuildScriptCaches (0ms)
		SetupLoadedEditorAssemblies (132ms)
			LogAssemblyErrors (0ms)
			InitializePlatformSupportModulesInManaged (6ms)
			SetLoadedEditorAssemblies (5ms)
			RefreshPlugins (0ms)
			BeforeProcessingInitializeOnLoad (1ms)
			ProcessInitializeOnLoadAttributes (91ms)
			ProcessInitializeOnLoadMethodAttributes (28ms)
			AfterProcessingInitializeOnLoad (0ms)
			EditorAssembliesLoaded (0ms)
		ExecutionOrderSort2 (0ms)
		AwakeInstancesAfterBackupRestoration (0ms)
========================================================================
Worker process is ready to serve import requests
Begin MonoManager ReloadAssembly
Symbol file LoadedFromMemory doesn't match image C:\Users\ov333\OneDrive\Documents\Unityprojects\version_2022.3.0f1\Lab3vectororbit\Library\PackageCache\com.unity.visualscripting@1.8.0\Editor\VisualScripting.Core\Dependencies\YamlDotNet\Unity.VisualScripting.YamlDotNet.dll
Symbol file LoadedFromMemory doesn't match image C:\Users\ov333\OneDrive\Documents\Unityprojects\version_2022.3.0f1\Lab3vectororbit\Library\PackageCache\com.unity.visualscripting@1.8.0\Editor\VisualScripting.Core\Dependencies\DotNetZip\Unity.VisualScripting.IonicZip.dll
- Loaded All Assemblies, in  0.460 seconds
Refreshing native plugins compatible for Editor in 1.29 ms, found 3 plugins.
Native extension for WindowsStandalone target not found
Mono: successfully reloaded assembly
- Finished resetting the current domain, in  0.374 seconds
Domain Reload Profiling: 833ms
	BeginReloadAssembly (79ms)
		ExecutionOrderSort (0ms)
		DisableScriptedObjects (3ms)
		BackupInstance (0ms)
		ReleaseScriptingObjects (0ms)
		CreateAndSetChildDomain (16ms)
	RebuildCommonClasses (20ms)
	RebuildNativeTypeToScriptingClass (7ms)
	initialDomainReloadingComplete (29ms)
	LoadAllAssembliesAndSetupDomain (324ms)
		LoadAssemblies (174ms)
		RebuildTransferFunctionScriptingTraits (0ms)
		AnalyzeDomain (185ms)
			TypeCache.Refresh (175ms)
				TypeCache.ScanAssembly (167ms)
			ScanForSourceGeneratedMonoScriptInfo (8ms)
			ResolveRequiredComponents (2ms)
	FinalizeReload (374ms)
		ReleaseScriptCaches (0ms)
		RebuildScriptCaches (0ms)
		SetupLoadedEditorAssemblies (277ms)
			LogAssemblyErrors (0ms)
			InitializePlatformSupportModulesInManaged (3ms)
			SetLoadedEditorAssemblies (3ms)
			RefreshPlugins (0ms)
			BeforeProcessingInitializeOnLoad (36ms)
			ProcessInitializeOnLoadAttributes (220ms)
			ProcessInitializeOnLoadMethodAttributes (11ms)
			AfterProcessingInitializeOnLoad (4ms)
			EditorAssembliesLoaded (0ms)
		ExecutionOrderSort2 (0ms)
		AwakeInstancesAfterBackupRestoration (5ms)
Launched and connected shader compiler UnityShaderCompiler.exe after 0.06 seconds
Refreshing native plugins compatible for Editor in 2.36 ms, found 3 plugins.
Preloading 0 native plugins for Editor in 0.00 ms.
Unloading 3089 Unused Serialized files (Serialized files now loaded: 0)
Unloading 31 unused Assets / (56.2 KB). Loaded Objects now: 3553.
Memory consumption went from 117.5 MB to 117.4 MB.
Total: 3.439000 ms (FindLiveObjects: 0.304400 ms CreateObjectMapping: 0.095200 ms MarkObjects: 2.918800 ms  DeleteObjects: 0.119000 ms)

AssetImportParameters requested are different than current active one (requested -> active):
  custom:container-demuxer-ogg: 62fdf1f143b41e24485cea50d1cbac27 -> 
  custom:video-codec-MediaFoundation-h265: 746d11721c4dcdbdad8f713fa42b33f4 -> 
  custom:video-decoder-ogg-theora: a1e56fd34408186e4bbccfd4996cb3dc -> 
  custom:framework-win-MediaFoundation: 216162199b28c13a410421893ffa2e32 -> 
  custom:container-demuxer-webm: 4f35f7cbe854078d1ac9338744f61a02 -> 
  custom:container-muxer-webm: aa71ff27fc2769a1b78a27578f13a17b -> 
  custom:video-decoder-webm-vp8: 9c59270c3fd7afecdb556c50c9e8de78 -> 
  custom:AudioImporter_EditorPlatform: d09bf68614088b80899f8185d706f6e7 -> 
  custom:video-encoder-webm-vp8: eb34c28f22e8b96e1ab97ce403110664 -> 
  custom:audio-decoder-ogg-vorbis: bf7c407c2cedff20999df2af8eb42d56 -> 
  custom:audio-encoder-webm-vorbis: bf7c407c2cedff20999df2af8eb42d56 -> 
========================================================================
Received Import Request.
  Time since last request: 58113.482903 seconds.
  path: Assets/PixelArtStudio/SkeletonsPack/CommonSoldier/Animations/Idle/LeftTop/Idle.anim
  artifactKey: Guid(65389d14716b64a4481492ea7ace30f1) Importer(2089858483,0ecaa5967403d082aa24f35e1b516d23)
Start importing Assets/PixelArtStudio/SkeletonsPack/CommonSoldier/Animations/Idle/LeftTop/Idle.anim using Guid(65389d14716b64a4481492ea7ace30f1) Importer(2089858483,0ecaa5967403d082aa24f35e1b516d23) Generated GUIDs only implemented for interfaces!
 -> (artifact id: '385c22953a5b599de293dbf80579b6ba') in 0.065776 seconds
Number of updated asset objects reloaded before import = 0
Number of asset objects unloaded after import = 1
========================================================================
Received Import Request.
  Time since last request: 0.000421 seconds.
  path: Assets/PixelArtStudio/SkeletonsPack/CommonSoldier/Animations/Run/Right/Run.anim
  artifactKey: Guid(0de733e44e3f97a429a53a0e83e14833) Importer(2089858483,0ecaa5967403d082aa24f35e1b516d23)
Start importing Assets/PixelArtStudio/SkeletonsPack/CommonSoldier/Animations/Run/Right/Run.anim using Guid(0de733e44e3f97a429a53a0e83e14833) Importer(2089858483,0ecaa5967403d082aa24f35e1b516d23) Generated GUIDs only implemented for interfaces!
 -> (artifact id: '797d18d93752c0798accc051eb315fa6') in 0.006646 seconds
Number of updated asset objects reloaded before import = 0
Number of asset objects unloaded after import = 1
========================================================================
Received Import Request.
  Time since last request: 0.000237 seconds.
  path: Assets/PixelArtStudio/SkeletonsPack/CommonSoldier/Animations/Boost/Left/Boost.anim
  artifactKey: Guid(8c85d99ea1bd1e8498a4249cc4850507) Importer(2089858483,0ecaa5967403d082aa24f35e1b516d23)
Start importing Assets/PixelArtStudio/SkeletonsPack/CommonSoldier/Animations/Boost/Left/Boost.anim using Guid(8c85d99ea1bd1e8498a4249cc4850507) Importer(2089858483,0ecaa5967403d082aa24f35e1b516d23) Generated GUIDs only implemented for interfaces!
 -> (artifact id: '1e001fd3d52fba1f2392258844a79135') in 0.003228 seconds
Number of updated asset objects reloaded before import = 0
Number of asset objects unloaded after import = 1
========================================================================
Received Import Request.
  Time since last request: 0.000263 seconds.
  path: Assets/PixelArtStudio/SkeletonsPack/CommonSoldier/Animations/Idle/Top/Idle.anim
  artifactKey: Guid(6b7e0487d1b5be148a2a4dcabcd86cca) Importer(2089858483,0ecaa5967403d082aa24f35e1b516d23)
Start importing Assets/PixelArtStudio/SkeletonsPack/CommonSoldier/Animations/Idle/Top/Idle.anim using Guid(6b7e0487d1b5be148a2a4dcabcd86cca) Importer(2089858483,0ecaa5967403d082aa24f35e1b516d23) Generated GUIDs only implemented for interfaces!
 -> (artifact id: '4277eebf5e35f20872f433d9c50faf8c') in 0.004902 seconds
Number of updated asset objects reloaded before import = 0
Number of asset objects unloaded after import = 1
========================================================================
Received Import Request.
  Time since last request: 0.000068 seconds.
  path: Assets/PixelArtStudio/SkeletonsPack/CommonSoldier/Textures/Attack/Right/Attack_normal.png
  artifactKey: Guid(9ec5b809f028c894aad167aa0797a359) Importer(2089858483,0ecaa5967403d082aa24f35e1b516d23)
Start importing Assets/PixelArtStudio/SkeletonsPack/CommonSoldier/Textures/Attack/Right/Attack_normal.png using Guid(9ec5b809f028c894aad167aa0797a359) Importer(2089858483,0ecaa5967403d082aa24f35e1b516d23) Generated GUIDs only implemented for interfaces!
 -> (artifact id: 'f27be163374109aaa9a8268e8f570429') in 0.036939 seconds
Number of updated asset objects reloaded before import = 0
Number of asset objects unloaded after import = 1
========================================================================
Received Import Request.
  Time since last request: 0.000011 seconds.
  path: Assets/PixelArtStudio/SkeletonsPack/CommonSoldier/Animations/Run/RightTop/Run.anim
  artifactKey: Guid(55139b5fd848ff945a188e8d8ca2684a) Importer(2089858483,0ecaa5967403d082aa24f35e1b516d23)
Start importing Assets/PixelArtStudio/SkeletonsPack/CommonSoldier/Animations/Run/RightTop/Run.anim using Guid(55139b5fd848ff945a188e8d8ca2684a) Importer(2089858483,0ecaa5967403d082aa24f35e1b516d23) Generated GUIDs only implemented for interfaces!
 -> (artifact id: '9962a302a0718a1422c53b8c1ddc332d') in 0.003805 seconds
Number of updated asset objects reloaded before import = 0
Number of asset objects unloaded after import = 1
========================================================================
Received Import Request.
  Time since last request: 0.000103 seconds.
  path: Assets/PixelArtStudio/SkeletonsPack/CommonSoldier/Animations/GetHit/LeftBot/GetHit.anim
  artifactKey: Guid(8d7b6f84161472045852d1f83a1c13ef) Importer(2089858483,0ecaa5967403d082aa24f35e1b516d23)
Start importing Assets/PixelArtStudio/SkeletonsPack/CommonSoldier/Animations/GetHit/LeftBot/GetHit.anim using Guid(8d7b6f84161472045852d1f83a1c13ef) Importer(2089858483,0ecaa5967403d082aa24f35e1b516d23) Generated GUIDs only implemented for interfaces!
 -> (artifact id: '95c20cf0e48444984753359a8afa47be') in 0.003009 seconds
Number of updated asset objects reloaded before import = 0
Number of asset objects unloaded after import = 1
========================================================================
Received Import Request.
  Time since last request: 0.000181 seconds.
  path: Assets/PixelArtStudio/SkeletonsPack/CommonSoldier/Animations/Block/Top/Block.anim
  artifactKey: Guid(46530d60f38be2748a9324bc64fd8d6d) Importer(2089858483,0ecaa5967403d082aa24f35e1b516d23)
Start importing Assets/PixelArtStudio/SkeletonsPack/CommonSoldier/Animations/Block/Top/Block.anim using Guid(46530d60f38be2748a9324bc64fd8d6d) Importer(2089858483,0ecaa5967403d082aa24f35e1b516d23) Generated GUIDs only implemented for interfaces!
 -> (artifact id: '196b651afc35fb1d2fe4334581eeef03') in 0.030121 seconds
Number of updated asset objects reloaded before import = 0
Number of asset objects unloaded after import = 1
========================================================================
Received Import Request.
  Time since last request: 0.000164 seconds.
  path: Assets/Fire-Skull-Files/fireskull.controller
  artifactKey: Guid(6c37905565681c04c998eced90df6edd) Importer(2089858483,0ecaa5967403d082aa24f35e1b516d23)
Start importing Assets/Fire-Skull-Files/fireskull.controller using Guid(6c37905565681c04c998eced90df6edd) Importer(2089858483,0ecaa5967403d082aa24f35e1b516d23) Generated GUIDs only implemented for interfaces!
 -> (artifact id: '66821a9b2b513e56dafd8ab07818731e') in 0.004687 seconds
Number of updated asset objects reloaded before import = 0
Number of asset objects unloaded after import = 4
========================================================================
Received Import Request.
  Time since last request: 0.000090 seconds.
  path: Assets/PixelArtStudio/SkeletonsPack/CommonSoldier/Animations/Idle/RightBot/Idle.anim
  artifactKey: Guid(cb979e6fe49e88a4fa4d509c802528d9) Importer(2089858483,0ecaa5967403d082aa24f35e1b516d23)
Start importing Assets/PixelArtStudio/SkeletonsPack/CommonSoldier/Animations/Idle/RightBot/Idle.anim using Guid(cb979e6fe49e88a4fa4d509c802528d9) Importer(2089858483,0ecaa5967403d082aa24f35e1b516d23) Generated GUIDs only implemented for interfaces!
 -> (artifact id: 'e4e1387f2a253b35bd600e871dd35cb1') in 0.002780 seconds
Number of updated asset objects reloaded before import = 0
Number of asset objects unloaded after import = 1
========================================================================
Received Import Request.
  Time since last request: 0.000218 seconds.
  path: Assets/PixelArtStudio/SkeletonsPack/CommonSoldier/Animations/GetHit/RightTop/GetHit.anim
  artifactKey: Guid(28407364b9be06b4385986901b249f57) Importer(2089858483,0ecaa5967403d082aa24f35e1b516d23)
Start importing Assets/PixelArtStudio/SkeletonsPack/CommonSoldier/Animations/GetHit/RightTop/GetHit.anim using Guid(28407364b9be06b4385986901b249f57) Importer(2089858483,0ecaa5967403d082aa24f35e1b516d23) Generated GUIDs only implemented for interfaces!
 -> (artifact id: '00da6bc381a0ec30378811824120ad4b') in 0.003918 seconds
Number of updated asset objects reloaded before import = 0
Number of asset objects unloaded after import = 1
========================================================================
Received Import Request.
  Time since last request: 0.000013 seconds.
  path: Assets/PixelArtStudio/SkeletonsPack/CommonSoldier/Animations/Walk/RightTop/Walk.anim
  artifactKey: Guid(1efcc2c67843a1344a37e2e2733a91ae) Importer(2089858483,0ecaa5967403d082aa24f35e1b516d23)
Start importing Assets/PixelArtStudio/SkeletonsPack/CommonSoldier/Animations/Walk/RightTop/Walk.anim using Guid(1efcc2c67843a1344a37e2e2733a91ae) Importer(2089858483,0ecaa5967403d082aa24f35e1b516d23) Generated GUIDs only implemented for interfaces!
 -> (artifact id: 'e64b75b4037fab8119085f43b29beb34') in 0.003374 seconds
Number of updated asset objects reloaded before import = 0
Number of asset objects unloaded after import = 1
========================================================================
Received Import Request.
  Time since last request: 0.000023 seconds.
  path: Assets/PixelArtStudio/SkeletonsPack/CommonSoldier/Animations/Block/Right/Block.anim
  artifactKey: Guid(653ed7f28db8534439b38ead45a07a32) Importer(2089858483,0ecaa5967403d082aa24f35e1b516d23)
Start importing Assets/PixelArtStudio/SkeletonsPack/CommonSoldier/Animations/Block/Right/Block.anim using Guid(653ed7f28db8534439b38ead45a07a32) Importer(2089858483,0ecaa5967403d082aa24f35e1b516d23) Generated GUIDs only implemented for interfaces!
 -> (artifact id: '3eabe1fdd58dc9d884a6afca5f9213cb') in 0.002755 seconds
Number of updated asset objects reloaded before import = 0
Number of asset objects unloaded after import = 1
========================================================================
Received Import Request.
  Time since last request: 0.000031 seconds.
  path: Assets/PixelArtStudio/SkeletonsPack/CommonSoldier/Textures/Attack/Left/Attack_normal.png
  artifactKey: Guid(992d9d636fc339c428a2c1a87b95d7b3) Importer(2089858483,0ecaa5967403d082aa24f35e1b516d23)
Start importing Assets/PixelArtStudio/SkeletonsPack/CommonSoldier/Textures/Attack/Left/Attack_normal.png using Guid(992d9d636fc339c428a2c1a87b95d7b3) Importer(2089858483,0ecaa5967403d082aa24f35e1b516d23) Generated GUIDs only implemented for interfaces!
 -> (artifact id: '8fcef099275e8672ab50b729a2f7f586') in 0.014387 seconds
Number of updated asset objects reloaded before import = 0
Number of asset objects unloaded after import = 1
========================================================================
Received Import Request.
  Time since last request: 0.213283 seconds.
  path: Assets/PixelArtStudio/SkeletonsPack/CommonSoldier/Textures/Block/Left/Block_normal.png
  artifactKey: Guid(ee70ddc3ece9c8f4cb4b72113a75d1d9) Importer(2089858483,0ecaa5967403d082aa24f35e1b516d23)
Start importing Assets/PixelArtStudio/SkeletonsPack/CommonSoldier/Textures/Block/Left/Block_normal.png using Guid(ee70ddc3ece9c8f4cb4b72113a75d1d9) Importer(2089858483,0ecaa5967403d082aa24f35e1b516d23) Generated GUIDs only implemented for interfaces!
 -> (artifact id: '377ea6280efc276d994564b7c83cf3f5') in 0.011208 seconds
Number of updated asset objects reloaded before import = 0
Number of asset objects unloaded after import = 1
========================================================================
Received Import Request.
  Time since last request: 0.000062 seconds.
  path: Assets/PixelArtStudio/SkeletonsPack/CommonSoldier/Textures/Block/LeftTop/Block_normal.png
  artifactKey: Guid(aaef857217ab73c48b3befe2a95c7b88) Importer(2089858483,0ecaa5967403d082aa24f35e1b516d23)
Start importing Assets/PixelArtStudio/SkeletonsPack/CommonSoldier/Textures/Block/LeftTop/Block_normal.png using Guid(aaef857217ab73c48b3befe2a95c7b88) Importer(2089858483,0ecaa5967403d082aa24f35e1b516d23) Generated GUIDs only implemented for interfaces!
 -> (artifact id: '5d7b84fd569798f4c271352733624164') in 0.018299 seconds
Number of updated asset objects reloaded before import = 0
Number of asset objects unloaded after import = 1
========================================================================
Received Import Request.
  Time since last request: 0.000014 seconds.
  path: Assets/PixelArtStudio/SkeletonsPack/CommonSoldier/Textures/Idle/Bot/Idle_normal.png
  artifactKey: Guid(7b93583da5f4bd347bab81554ec6fc91) Importer(2089858483,0ecaa5967403d082aa24f35e1b516d23)
Start importing Assets/PixelArtStudio/SkeletonsPack/CommonSoldier/Textures/Idle/Bot/Idle_normal.png using Guid(7b93583da5f4bd347bab81554ec6fc91) Importer(2089858483,0ecaa5967403d082aa24f35e1b516d23) Generated GUIDs only implemented for interfaces!
 -> (artifact id: '0f02f3715a658c057656b811e772ad83') in 0.010127 seconds
Number of updated asset objects reloaded before import = 0
Number of asset objects unloaded after import = 1
========================================================================
Received Import Request.
  Time since last request: 0.000325 seconds.
  path: Assets/PixelArtStudio/SkeletonsPack/CommonSoldier/Textures/Idle/Right/Idle.png
  artifactKey: Guid(429221aa5b759db4c94357a3d41bab09) Importer(2089858483,0ecaa5967403d082aa24f35e1b516d23)
Start importing Assets/PixelArtStudio/SkeletonsPack/CommonSoldier/Textures/Idle/Right/Idle.png using Guid(429221aa5b759db4c94357a3d41bab09) Importer(2089858483,0ecaa5967403d082aa24f35e1b516d23) Generated GUIDs only implemented for interfaces!
 -> (artifact id: 'd1ebf2ab25eda633d8eb663794d8ffe4') in 0.027570 seconds
Number of updated asset objects reloaded before import = 0
Number of asset objects unloaded after import = 14
========================================================================
Received Import Request.
  Time since last request: 0.000010 seconds.
  path: Assets/PixelArtStudio/SkeletonsPack/CommonSoldier/Textures/Death/Top/Death.png
  artifactKey: Guid(baddca9209b97c843ae818750fcd3595) Importer(2089858483,0ecaa5967403d082aa24f35e1b516d23)
Start importing Assets/PixelArtStudio/SkeletonsPack/CommonSoldier/Textures/Death/Top/Death.png using Guid(baddca9209b97c843ae818750fcd3595) Importer(2089858483,0ecaa5967403d082aa24f35e1b516d23) Generated GUIDs only implemented for interfaces!
 -> (artifact id: '272a6837a4a9d141bbbe9909ba8245d1') in 0.019106 seconds
Number of updated asset objects reloaded before import = 0
Number of asset objects unloaded after import = 10
========================================================================
Received Import Request.
  Time since last request: 0.000050 seconds.
  path: Assets/PixelArtStudio/SkeletonsPack/CommonSoldier/Textures/Run/RightBot/Run_normal.png
  artifactKey: Guid(3217ee2490b0a804ebd58f2f0038f53f) Importer(2089858483,0ecaa5967403d082aa24f35e1b516d23)
Start importing Assets/PixelArtStudio/SkeletonsPack/CommonSoldier/Textures/Run/RightBot/Run_normal.png using Guid(3217ee2490b0a804ebd58f2f0038f53f) Importer(2089858483,0ecaa5967403d082aa24f35e1b516d23) Generated GUIDs only implemented for interfaces!
 -> (artifact id: '44e76aa80b1c9eb0433edbac0d0d5630') in 0.008581 seconds
Number of updated asset objects reloaded before import = 0
Number of asset objects unloaded after import = 1
========================================================================
Received Import Request.
  Time since last request: 0.000011 seconds.
  path: Assets/PixelArtStudio/SkeletonsPack/CommonSoldier/Textures/Death/RightTop/Death_normal.png
  artifactKey: Guid(9586e424dd776dd46b65e0463e894e7e) Importer(2089858483,0ecaa5967403d082aa24f35e1b516d23)
Start importing Assets/PixelArtStudio/SkeletonsPack/CommonSoldier/Textures/Death/RightTop/Death_normal.png using Guid(9586e424dd776dd46b65e0463e894e7e) Importer(2089858483,0ecaa5967403d082aa24f35e1b516d23) Generated GUIDs only implemented for interfaces!
 -> (artifact id: '52b1ac3aa9f86ad2c950f1160c00540d') in 0.008659 seconds
Number of updated asset objects reloaded before import = 0
Number of asset objects unloaded after import = 1
========================================================================
Received Import Request.
  Time since last request: 0.000011 seconds.
  path: Assets/PixelArtStudio/SkeletonsPack/CommonSoldier/Textures/Boost/LeftTop/Boost.png
  artifactKey: Guid(48351e7ae4c221044aadf3e73f4623c3) Importer(2089858483,0ecaa5967403d082aa24f35e1b516d23)
Start importing Assets/PixelArtStudio/SkeletonsPack/CommonSoldier/Textures/Boost/LeftTop/Boost.png using Guid(48351e7ae4c221044aadf3e73f4623c3) Importer(2089858483,0ecaa5967403d082aa24f35e1b516d23) Generated GUIDs only implemented for interfaces!
 -> (artifact id: 'c2a8fe5c697e3299427303552c1d50d5') in 0.022521 seconds
Number of updated asset objects reloaded before import = 0
Number of asset objects unloaded after import = 11
========================================================================
Received Import Request.
  Time since last request: 0.000012 seconds.
  path: Assets/PixelArtStudio/SkeletonsPack/CommonSoldier/Textures/Idle/RightTop/Idle.png
  artifactKey: Guid(91d726ed2a6aa2f4f9034cf801067a02) Importer(2089858483,0ecaa5967403d082aa24f35e1b516d23)
Start importing Assets/PixelArtStudio/SkeletonsPack/CommonSoldier/Textures/Idle/RightTop/Idle.png using Guid(91d726ed2a6aa2f4f9034cf801067a02) Importer(2089858483,0ecaa5967403d082aa24f35e1b516d23) Generated GUIDs only implemented for interfaces!
 -> (artifact id: '5b4e31047b4c92a40ddbda9f268b1ce3') in 0.020980 seconds
Number of updated asset objects reloaded before import = 0
Number of asset objects unloaded after import = 14
========================================================================
Received Import Request.
  Time since last request: 0.000011 seconds.
  path: Assets/PixelArtStudio/SkeletonsPack/CommonSoldier/Textures/Block/Right/Block_normal.png
  artifactKey: Guid(184aedd2a976c344dbb9e23398dfcd4f) Importer(2089858483,0ecaa5967403d082aa24f35e1b516d23)
Start importing Assets/PixelArtStudio/SkeletonsPack/CommonSoldier/Textures/Block/Right/Block_normal.png using Guid(184aedd2a976c344dbb9e23398dfcd4f) Importer(2089858483,0ecaa5967403d082aa24f35e1b516d23) Generated GUIDs only implemented for interfaces!
 -> (artifact id: '58f99287da7fc5afb7c230c6249c0d9e') in 0.008815 seconds
Number of updated asset objects reloaded before import = 0
Number of asset objects unloaded after import = 1
========================================================================
Received Import Request.
  Time since last request: 0.000011 seconds.
  path: Assets/PixelArtStudio/SkeletonsPack/CommonSoldier/Textures/Idle/RightBot/Idle.png
  artifactKey: Guid(717f057de2185b7438b792de025cd0bf) Importer(2089858483,0ecaa5967403d082aa24f35e1b516d23)
Start importing Assets/PixelArtStudio/SkeletonsPack/CommonSoldier/Textures/Idle/RightBot/Idle.png using Guid(717f057de2185b7438b792de025cd0bf) Importer(2089858483,0ecaa5967403d082aa24f35e1b516d23) Generated GUIDs only implemented for interfaces!
 -> (artifact id: '7b44ad942a66bdc2a8d413ffc508878b') in 0.021600 seconds
Number of updated asset objects reloaded before import = 0
Number of asset objects unloaded after import = 14
========================================================================
Received Import Request.
  Time since last request: 0.000018 seconds.
  path: Assets/PixelArtStudio/SkeletonsPack/CommonSoldier/Textures/Run/LeftBot/Run.png
  artifactKey: Guid(a52e81cff65a2154ab858b5759220fdd) Importer(2089858483,0ecaa5967403d082aa24f35e1b516d23)
Start importing Assets/PixelArtStudio/SkeletonsPack/CommonSoldier/Textures/Run/LeftBot/Run.png using Guid(a52e81cff65a2154ab858b5759220fdd) Importer(2089858483,0ecaa5967403d082aa24f35e1b516d23) Generated GUIDs only implemented for interfaces!
 -> (artifact id: '64cb6efd9180a9583a8f4806541c2f0d') in 0.022267 seconds
Number of updated asset objects reloaded before import = 0
Number of asset objects unloaded after import = 10
========================================================================
Received Import Request.
  Time since last request: 0.307005 seconds.
  path: Assets/PixelArtStudio/SkeletonsPack/CommonSoldier/Textures/Stunned/LeftTop/Stunned_normal.png
  artifactKey: Guid(d719e71ebae6fdc459538c15081001a4) Importer(2089858483,0ecaa5967403d082aa24f35e1b516d23)
Start importing Assets/PixelArtStudio/SkeletonsPack/CommonSoldier/Textures/Stunned/LeftTop/Stunned_normal.png using Guid(d719e71ebae6fdc459538c15081001a4) Importer(2089858483,0ecaa5967403d082aa24f35e1b516d23) Generated GUIDs only implemented for interfaces!
 -> (artifact id: 'd182d5cfcb94af1df6d36443da0d93c2') in 0.010784 seconds
Number of updated asset objects reloaded before import = 0
Number of asset objects unloaded after import = 1
========================================================================
Received Import Request.
  Time since last request: 0.000011 seconds.
  path: Assets/PixelArtStudio/SkeletonsPack/CommonSoldier/Textures/Walk/LeftTop/Walk.png
  artifactKey: Guid(a4f52a902e7907943bdaec9542e16bfd) Importer(2089858483,0ecaa5967403d082aa24f35e1b516d23)
Start importing Assets/PixelArtStudio/SkeletonsPack/CommonSoldier/Textures/Walk/LeftTop/Walk.png using Guid(a4f52a902e7907943bdaec9542e16bfd) Importer(2089858483,0ecaa5967403d082aa24f35e1b516d23) Generated GUIDs only implemented for interfaces!
 -> (artifact id: 'e5cbfb59bacd29d20cd956589ce484e3') in 0.017133 seconds
Number of updated asset objects reloaded before import = 0
Number of asset objects unloaded after import = 10
========================================================================
Received Import Request.
  Time since last request: 0.000025 seconds.
  path: Assets/PixelArtStudio/SkeletonsPack/CommonSoldier/Textures/Walk/LeftBot/Walk_normal.png
  artifactKey: Guid(791d70591c1597d418e11aa1f688d59e) Importer(2089858483,0ecaa5967403d082aa24f35e1b516d23)
Start importing Assets/PixelArtStudio/SkeletonsPack/CommonSoldier/Textures/Walk/LeftBot/Walk_normal.png using Guid(791d70591c1597d418e11aa1f688d59e) Importer(2089858483,0ecaa5967403d082aa24f35e1b516d23) Generated GUIDs only implemented for interfaces!
 -> (artifact id: '8a4143518f10c85a45161850bc77a555') in 0.007273 seconds
Number of updated asset objects reloaded before import = 0
Number of asset objects unloaded after import = 1
========================================================================
Received Import Request.
  Time since last request: 0.000041 seconds.
  path: Assets/PixelArtStudio/SkeletonsPack/CommonSoldier/Textures/Walk/Right/Walk_normal.png
  artifactKey: Guid(475ffe08420ffcb4fa849ac3f27c52c5) Importer(2089858483,0ecaa5967403d082aa24f35e1b516d23)
Start importing Assets/PixelArtStudio/SkeletonsPack/CommonSoldier/Textures/Walk/Right/Walk_normal.png using Guid(475ffe08420ffcb4fa849ac3f27c52c5) Importer(2089858483,0ecaa5967403d082aa24f35e1b516d23) Generated GUIDs only implemented for interfaces!
 -> (artifact id: '1cfeb8c3e3fb7ec67d34366ec831e812') in 0.007633 seconds
Number of updated asset objects reloaded before import = 0
Number of asset objects unloaded after import = 1
========================================================================
Received Import Request.
  Time since last request: 0.000009 seconds.
  path: Assets/PixelArtStudio/SkeletonsPack/CommonSoldier/Textures/Walk/Top/Walk.png
  artifactKey: Guid(4ec1af567853b2a40b4289cc1c3ba015) Importer(2089858483,0ecaa5967403d082aa24f35e1b516d23)
Start importing Assets/PixelArtStudio/SkeletonsPack/CommonSoldier/Textures/Walk/Top/Walk.png using Guid(4ec1af567853b2a40b4289cc1c3ba015) Importer(2089858483,0ecaa5967403d082aa24f35e1b516d23) Generated GUIDs only implemented for interfaces!
 -> (artifact id: '733ec31d663cb8c34e14b145de871912') in 0.015986 seconds
Number of updated asset objects reloaded before import = 0
Number of asset objects unloaded after import = 10
========================================================================
Received Prepare
Refreshing native plugins compatible for Editor in 2.57 ms, found 3 plugins.
Preloading 0 native plugins for Editor in 0.00 ms.
Unloading 0 Unused Serialized files (Serialized files now loaded: 0)
Unloading 1 unused Assets / (0.8 KB). Loaded Objects now: 3553.
Memory consumption went from 68.5 MB to 68.5 MB.
Total: 3.489100 ms (FindLiveObjects: 0.206800 ms CreateObjectMapping: 0.087800 ms MarkObjects: 3.172500 ms  DeleteObjects: 0.020900 ms)

Prepare: number of updated asset objects reloaded= 0
AssetImportParameters requested are different than current active one (requested -> active):
  custom:container-demuxer-ogg: 62fdf1f143b41e24485cea50d1cbac27 -> 
  custom:video-codec-MediaFoundation-h265: 746d11721c4dcdbdad8f713fa42b33f4 -> 
  custom:video-decoder-ogg-theora: a1e56fd34408186e4bbccfd4996cb3dc -> 
  custom:framework-win-MediaFoundation: 216162199b28c13a410421893ffa2e32 -> 
  custom:container-demuxer-webm: 4f35f7cbe854078d1ac9338744f61a02 -> 
  custom:container-muxer-webm: aa71ff27fc2769a1b78a27578f13a17b -> 
  custom:video-decoder-webm-vp8: 9c59270c3fd7afecdb556c50c9e8de78 -> 
  custom:SearchIndexIgnoredProperties: e643bd26f0fe6173181afceb89e7c659 -> 
  custom:AudioImporter_EditorPlatform: d09bf68614088b80899f8185d706f6e7 -> 
  custom:video-encoder-webm-vp8: eb34c28f22e8b96e1ab97ce403110664 -> 
  custom:audio-decoder-ogg-vorbis: bf7c407c2cedff20999df2af8eb42d56 -> 
  custom:audio-encoder-webm-vorbis: bf7c407c2cedff20999df2af8eb42d56 -> 
========================================================================
Received Prepare
Begin MonoManager ReloadAssembly
Symbol file LoadedFromMemory doesn't match image C:\Users\ov333\OneDrive\Documents\Unityprojects\version_2022.3.0f1\Lab3vectororbit\Library\PackageCache\com.unity.visualscripting@1.8.0\Editor\VisualScripting.Core\Dependencies\YamlDotNet\Unity.VisualScripting.YamlDotNet.dll
Symbol file LoadedFromMemory doesn't match image C:\Users\ov333\OneDrive\Documents\Unityprojects\version_2022.3.0f1\Lab3vectororbit\Library\PackageCache\com.unity.visualscripting@1.8.0\Editor\VisualScripting.Core\Dependencies\DotNetZip\Unity.VisualScripting.IonicZip.dll
- Loaded All Assemblies, in  0.491 seconds
Refreshing native plugins compatible for Editor in 1.07 ms, found 3 plugins.
Native extension for WindowsStandalone target not found
Mono: successfully reloaded assembly
- Finished resetting the current domain, in  0.547 seconds
Domain Reload Profiling: 1037ms
	BeginReloadAssembly (93ms)
		ExecutionOrderSort (0ms)
		DisableScriptedObjects (3ms)
		BackupInstance (0ms)
		ReleaseScriptingObjects (0ms)
		CreateAndSetChildDomain (27ms)
	RebuildCommonClasses (30ms)
	RebuildNativeTypeToScriptingClass (10ms)
	initialDomainReloadingComplete (16ms)
	LoadAllAssembliesAndSetupDomain (341ms)
		LoadAssemblies (194ms)
		RebuildTransferFunctionScriptingTraits (0ms)
		AnalyzeDomain (181ms)
			TypeCache.Refresh (175ms)
				TypeCache.ScanAssembly (167ms)
			ScanForSourceGeneratedMonoScriptInfo (1ms)
			ResolveRequiredComponents (5ms)
	FinalizeReload (547ms)
		ReleaseScriptCaches (0ms)
		RebuildScriptCaches (0ms)
		SetupLoadedEditorAssemblies (293ms)
			LogAssemblyErrors (0ms)
			InitializePlatformSupportModulesInManaged (3ms)
			SetLoadedEditorAssemblies (3ms)
			RefreshPlugins (0ms)
			BeforeProcessingInitializeOnLoad (35ms)
			ProcessInitializeOnLoadAttributes (221ms)
			ProcessInitializeOnLoadMethodAttributes (22ms)
			AfterProcessingInitializeOnLoad (9ms)
			EditorAssembliesLoaded (0ms)
		ExecutionOrderSort2 (0ms)
		AwakeInstancesAfterBackupRestoration (7ms)
Refreshing native plugins compatible for Editor in 2.50 ms, found 3 plugins.
Preloading 0 native plugins for Editor in 0.00 ms.
Unloading 3082 Unused Serialized files (Serialized files now loaded: 0)
Unloading 22 unused Assets / (30.5 KB). Loaded Objects now: 3556.
Memory consumption went from 116.6 MB to 116.6 MB.
Total: 2.816100 ms (FindLiveObjects: 0.272800 ms CreateObjectMapping: 0.083300 ms MarkObjects: 2.423700 ms  DeleteObjects: 0.035200 ms)

Prepare: number of updated asset objects reloaded= 0
AssetImportParameters requested are different than current active one (requested -> active):
  custom:container-demuxer-ogg: 62fdf1f143b41e24485cea50d1cbac27 -> 
  custom:video-codec-MediaFoundation-h265: 746d11721c4dcdbdad8f713fa42b33f4 -> 
  custom:video-decoder-ogg-theora: a1e56fd34408186e4bbccfd4996cb3dc -> 
  custom:framework-win-MediaFoundation: 216162199b28c13a410421893ffa2e32 -> 
  custom:container-demuxer-webm: 4f35f7cbe854078d1ac9338744f61a02 -> 
  custom:container-muxer-webm: aa71ff27fc2769a1b78a27578f13a17b -> 
  custom:video-decoder-webm-vp8: 9c59270c3fd7afecdb556c50c9e8de78 -> 
  custom:SearchIndexIgnoredProperties: e643bd26f0fe6173181afceb89e7c659 -> 
  custom:AudioImporter_EditorPlatform: d09bf68614088b80899f8185d706f6e7 -> 
  custom:video-encoder-webm-vp8: eb34c28f22e8b96e1ab97ce403110664 -> 
  custom:audio-decoder-ogg-vorbis: bf7c407c2cedff20999df2af8eb42d56 -> 
  custom:audio-encoder-webm-vorbis: bf7c407c2cedff20999df2af8eb42d56 -> 
========================================================================
Received Prepare
Begin MonoManager ReloadAssembly
Symbol file LoadedFromMemory doesn't match image C:\Users\ov333\OneDrive\Documents\Unityprojects\version_2022.3.0f1\Lab3vectororbit\Library\PackageCache\com.unity.visualscripting@1.8.0\Editor\VisualScripting.Core\Dependencies\YamlDotNet\Unity.VisualScripting.YamlDotNet.dll
Symbol file LoadedFromMemory doesn't match image C:\Users\ov333\OneDrive\Documents\Unityprojects\version_2022.3.0f1\Lab3vectororbit\Library\PackageCache\com.unity.visualscripting@1.8.0\Editor\VisualScripting.Core\Dependencies\DotNetZip\Unity.VisualScripting.IonicZip.dll
- Loaded All Assemblies, in  0.608 seconds
Refreshing native plugins compatible for Editor in 2.36 ms, found 3 plugins.
Native extension for WindowsStandalone target not found
Mono: successfully reloaded assembly
- Finished resetting the current domain, in  0.836 seconds
Domain Reload Profiling: 1443ms
	BeginReloadAssembly (106ms)
		ExecutionOrderSort (0ms)
		DisableScriptedObjects (4ms)
		BackupInstance (0ms)
		ReleaseScriptingObjects (0ms)
		CreateAndSetChildDomain (27ms)
	RebuildCommonClasses (30ms)
	RebuildNativeTypeToScriptingClass (7ms)
	initialDomainReloadingComplete (20ms)
	LoadAllAssembliesAndSetupDomain (444ms)
		LoadAssemblies (198ms)
		RebuildTransferFunctionScriptingTraits (0ms)
		AnalyzeDomain (286ms)
			TypeCache.Refresh (282ms)
				TypeCache.ScanAssembly (271ms)
			ScanForSourceGeneratedMonoScriptInfo (0ms)
			ResolveRequiredComponents (4ms)
	FinalizeReload (836ms)
		ReleaseScriptCaches (0ms)
		RebuildScriptCaches (0ms)
		SetupLoadedEditorAssemblies (459ms)
			LogAssemblyErrors (0ms)
			InitializePlatformSupportModulesInManaged (8ms)
			SetLoadedEditorAssemblies (6ms)
			RefreshPlugins (0ms)
			BeforeProcessingInitializeOnLoad (66ms)
			ProcessInitializeOnLoadAttributes (346ms)
			ProcessInitializeOnLoadMethodAttributes (24ms)
			AfterProcessingInitializeOnLoad (8ms)
			EditorAssembliesLoaded (0ms)
		ExecutionOrderSort2 (0ms)
		AwakeInstancesAfterBackupRestoration (10ms)
Refreshing native plugins compatible for Editor in 3.82 ms, found 3 plugins.
Preloading 0 native plugins for Editor in 0.00 ms.
Unloading 3082 Unused Serialized files (Serialized files now loaded: 0)
Unloading 22 unused Assets / (30.7 KB). Loaded Objects now: 3559.
Memory consumption went from 116.6 MB to 116.6 MB.
Total: 2.922200 ms (FindLiveObjects: 0.173100 ms CreateObjectMapping: 0.073000 ms MarkObjects: 2.633000 ms  DeleteObjects: 0.042100 ms)

Prepare: number of updated asset objects reloaded= 0
AssetImportParameters requested are different than current active one (requested -> active):
  custom:container-demuxer-ogg: 62fdf1f143b41e24485cea50d1cbac27 -> 
  custom:video-codec-MediaFoundation-h265: 746d11721c4dcdbdad8f713fa42b33f4 -> 
  custom:video-decoder-ogg-theora: a1e56fd34408186e4bbccfd4996cb3dc -> 
  custom:framework-win-MediaFoundation: 216162199b28c13a410421893ffa2e32 -> 
  custom:container-demuxer-webm: 4f35f7cbe854078d1ac9338744f61a02 -> 
  custom:container-muxer-webm: aa71ff27fc2769a1b78a27578f13a17b -> 
  custom:video-decoder-webm-vp8: 9c59270c3fd7afecdb556c50c9e8de78 -> 
  custom:SearchIndexIgnoredProperties: e643bd26f0fe6173181afceb89e7c659 -> 
  custom:AudioImporter_EditorPlatform: d09bf68614088b80899f8185d706f6e7 -> 
  custom:video-encoder-webm-vp8: eb34c28f22e8b96e1ab97ce403110664 -> 
  custom:audio-decoder-ogg-vorbis: bf7c407c2cedff20999df2af8eb42d56 -> 
  custom:audio-encoder-webm-vorbis: bf7c407c2cedff20999df2af8eb42d56 -> 
Editor requested this worker to shutdown with reason: Scaling down because of idle timeout
TcpMessagingSession - receive error: operation aborted. errorcode: 995, details: The I/O operation has been aborted because of either a thread exit or an application request.
AssetImportWorker is now disconnected from the server
Process exiting
Exiting without the bug reporter. Application will terminate with return code 0